<?xml version="1.0" encoding="UTF-8"?>
<!-- Generated by org.testng.reporters.JUnitReportReporter -->
<testsuite skipped="0" hostname="RSI1566" name="br.com.rsinet.hub_tdd.CadastroDeCliente" tests="1" failures="0" timestamp="2020-01-23T16:06:45 BRT" time="3.505" errors="0">
  <testcase name="main" time="3.505" classname="br.com.rsinet.hub_tdd.CadastroDeCliente"/>
</testsuite> <!-- br.com.rsinet.hub_tdd.CadastroDeCliente -->
