<?xml version="1.0" encoding="UTF-8"?>
<!-- Generated by org.testng.reporters.JUnitReportReporter -->
<testsuite skipped="0" hostname="RSI1566" name="br.com.rsinet.hub_tdd.ErroDeBuscaDeProdutoTest" tests="1" failures="0" timestamp="2020-01-16T11:31:32 BRT" time="16.852" errors="0">
  <testcase name="main" time="16.852" classname="br.com.rsinet.hub_tdd.ErroDeBuscaDeProdutoTest"/>
</testsuite> <!-- br.com.rsinet.hub_tdd.ErroDeBuscaDeProdutoTest -->
