<?xml version="1.0" encoding="UTF-8"?>
<!-- Generated by org.testng.reporters.JUnitReportReporter -->
<testsuite skipped="0" hostname="RSI1566" name="br.com.rsinet.hub_tdd.CadastroDeClienteErrorTest" tests="1" failures="0" timestamp="2020-01-22T14:00:19 BRT" time="15.674" errors="0">
  <testcase name="main" time="15.674" classname="br.com.rsinet.hub_tdd.CadastroDeClienteErrorTest"/>
</testsuite> <!-- br.com.rsinet.hub_tdd.CadastroDeClienteErrorTest -->
