<?xml version="1.0" encoding="UTF-8"?>
<!-- Generated by org.testng.reporters.JUnitReportReporter -->
<testsuite skipped="0" hostname="RSI1566" name="br.com.rsinet.hub_tdd.CadastroDeClienteErrorTest" tests="1" failures="0" timestamp="2020-01-16T15:25:58 BRT" time="16.966" errors="0">
  <testcase name="main" time="16.966" classname="br.com.rsinet.hub_tdd.CadastroDeClienteErrorTest"/>
</testsuite> <!-- br.com.rsinet.hub_tdd.CadastroDeClienteErrorTest -->
