<?xml version="1.0" encoding="UTF-8"?>
<!-- Generated by org.testng.reporters.JUnitReportReporter -->
<testsuite skipped="0" hostname="RSI1566" name="br.com.rsinet.hub_tdd.BuscaDeProduto" tests="1" failures="0" timestamp="2020-01-15T14:19:49 BRT" time="16.682" errors="0">
  <testcase name="main" time="16.682" classname="br.com.rsinet.hub_tdd.BuscaDeProduto"/>
</testsuite> <!-- br.com.rsinet.hub_tdd.BuscaDeProduto -->
