<?xml version="1.0" encoding="UTF-8"?>
<!-- Generated by org.testng.reporters.JUnitReportReporter -->
<testsuite skipped="0" hostname="RSI1566" name="br.com.rsinet.hub_tdd.CampoDeBusca" tests="1" failures="0" timestamp="2020-01-16T13:43:25 BRT" time="14.838" errors="0">
  <testcase name="main" time="14.838" classname="br.com.rsinet.hub_tdd.CampoDeBusca"/>
</testsuite> <!-- br.com.rsinet.hub_tdd.CampoDeBusca -->
