<?xml version="1.0" encoding="UTF-8"?>
<!-- Generated by org.testng.reporters.JUnitReportReporter -->
<testsuite skipped="0" hostname="RSI1566" name="br.com.rsinet.hub_tdd.CampoDeBuscaTestError" tests="1" failures="0" timestamp="2020-01-25T15:35:26 BRT" time="17.104" errors="0">
  <testcase name="main" time="17.104" classname="br.com.rsinet.hub_tdd.CampoDeBuscaTestError"/>
</testsuite> <!-- br.com.rsinet.hub_tdd.CampoDeBuscaTestError -->
