<?xml version="1.0" encoding="UTF-8"?>
<!-- Generated by org.testng.reporters.JUnitReportReporter -->
<testsuite skipped="0" hostname="RSI1566" name="br.com.rsinet.hub_tdd.ErroDeBuscaDeProdutoTest" tests="1" failures="0" timestamp="2020-01-25T15:38:21 BRT" time="23.435" errors="0">
  <testcase name="main" time="23.435" classname="br.com.rsinet.hub_tdd.ErroDeBuscaDeProdutoTest"/>
</testsuite> <!-- br.com.rsinet.hub_tdd.ErroDeBuscaDeProdutoTest -->
