<?xml version="1.0" encoding="UTF-8"?>
<!-- Generated by org.testng.reporters.JUnitReportReporter -->
<testsuite skipped="0" hostname="RSI1566" name="br.com.rsinet.hub_tdd.CampoDeBuscaTestError" tests="1" failures="0" timestamp="2020-01-24T11:55:41 BRT" time="15.623" errors="0">
  <testcase name="main" time="15.623" classname="br.com.rsinet.hub_tdd.CampoDeBuscaTestError"/>
</testsuite> <!-- br.com.rsinet.hub_tdd.CampoDeBuscaTestError -->
