<?xml version="1.0" encoding="UTF-8"?>
<!-- Generated by org.testng.reporters.JUnitReportReporter -->
<testsuite skipped="0" hostname="RSI1566" name="br.com.rsinet.hub_tdd.BuscaDeProduto" tests="1" failures="0" timestamp="2020-01-22T13:33:43 BRT" time="16.460" errors="0">
  <testcase name="main" time="16.460" classname="br.com.rsinet.hub_tdd.BuscaDeProduto"/>
</testsuite> <!-- br.com.rsinet.hub_tdd.BuscaDeProduto -->
